0 info it worked if it ends with ok
1 verbose cli [ '/home/binhqd/.nvm/versions/node/v4.2.6/bin/node',
1 verbose cli   '/home/binhqd/.nvm/versions/node/v4.2.6/bin/npm',
1 verbose cli   'start' ]
2 info using npm@3.7.2
3 info using node@v4.2.6
4 verbose run-script [ 'prestart', 'start', 'poststart' ]
5 info lifecycle quiz-api@0.0.1~prestart: quiz-api@0.0.1
6 silly lifecycle quiz-api@0.0.1~prestart: no script for prestart, continuing
7 info lifecycle quiz-api@0.0.1~start: quiz-api@0.0.1
8 verbose lifecycle quiz-api@0.0.1~start: unsafe-perm in lifecycle true
9 verbose lifecycle quiz-api@0.0.1~start: PATH: /home/binhqd/.nvm/versions/node/v4.2.6/lib/node_modules/npm/bin/node-gyp-bin:/var/www/quiz/api/src/node_modules/.bin:/home/binhqd/.nvm/versions/node/v4.2.6/bin:/usr/local/heroku/bin:/home/binhqd/.rvm/gems/ruby-2.1.2/bin:/home/binhqd/.rvm/gems/ruby-2.1.2@global/bin:/home/binhqd/.rvm/rubies/ruby-2.1.2/bin:/home/binhqd/.nvm/versions/node/v4.2.6/bin:/home/binhqd/bin:/usr/local/sbin:/usr/local/bin:/usr/sbin:/usr/bin:/sbin:/bin:/usr/games:/usr/local/games:/home/binhqd/.rvm/bin:/home/binhqd/.rvm/bin
10 verbose lifecycle quiz-api@0.0.1~start: CWD: /var/www/quiz/api/src
11 silly lifecycle quiz-api@0.0.1~start: Args: [ '-c', 'node app.js' ]
12 silly lifecycle quiz-api@0.0.1~start: Returned: code: 1  signal: null
13 info lifecycle quiz-api@0.0.1~start: Failed to exec start script
14 verbose stack Error: quiz-api@0.0.1 start: `node app.js`
14 verbose stack Exit status 1
14 verbose stack     at EventEmitter.<anonymous> (/home/binhqd/.nvm/versions/node/v4.2.6/lib/node_modules/npm/lib/utils/lifecycle.js:239:16)
14 verbose stack     at emitTwo (events.js:87:13)
14 verbose stack     at EventEmitter.emit (events.js:172:7)
14 verbose stack     at ChildProcess.<anonymous> (/home/binhqd/.nvm/versions/node/v4.2.6/lib/node_modules/npm/lib/utils/spawn.js:24:14)
14 verbose stack     at emitTwo (events.js:87:13)
14 verbose stack     at ChildProcess.emit (events.js:172:7)
14 verbose stack     at maybeClose (internal/child_process.js:821:16)
14 verbose stack     at Process.ChildProcess._handle.onexit (internal/child_process.js:211:5)
15 verbose pkgid quiz-api@0.0.1
16 verbose cwd /var/www/quiz/api/src
17 error Linux 3.19.0-32-generic
18 error argv "/home/binhqd/.nvm/versions/node/v4.2.6/bin/node" "/home/binhqd/.nvm/versions/node/v4.2.6/bin/npm" "start"
19 error node v4.2.6
20 error npm  v3.7.2
21 error code ELIFECYCLE
22 error quiz-api@0.0.1 start: `node app.js`
22 error Exit status 1
23 error Failed at the quiz-api@0.0.1 start script 'node app.js'.
23 error Make sure you have the latest version of node.js and npm installed.
23 error If you do, this is most likely a problem with the quiz-api package,
23 error not with npm itself.
23 error Tell the author that this fails on your system:
23 error     node app.js
23 error You can get information on how to open an issue for this project with:
23 error     npm bugs quiz-api
23 error Or if that isn't available, you can get their info via:
23 error     npm owner ls quiz-api
23 error There is likely additional logging output above.
24 verbose exit [ 1, true ]
